<?xml version="1.0" encoding="UTF-8"?>
<!-- Generated by org.testng.reporters.JUnitXMLReporter -->
<testsuite hostname="DESKTOP-7ISFMHR" ignored="0" name="Default test" tests="2" failures="0" timestamp="2023-02-16T16:34:31 IST" time="67.421" errors="0">
  <testcase name="runScenario" time="50.635" classname="io.cucumber.testng.AbstractTestNGCucumberTests"/>
  <testcase name="runScenario" time="56.121" classname="io.cucumber.testng.AbstractTestNGCucumberTests"/>
</testsuite> <!-- Default test -->
