<?xml version="1.0" encoding="UTF-8"?>
<testng-results skipped="0" failed="0" ignored="0" total="2" passed="2">
  <reporter-output>
  </reporter-output>
  <suite name="Default suite" duration-ms="67421" started-at="2023-02-16T16:33:24 IST" finished-at="2023-02-16T16:34:31 IST">
    <groups>
      <group name="cucumber">
        <method signature="AbstractTestNGCucumberTests.runScenario(io.cucumber.testng.PickleWrapper,io.cucumber.testng.FeatureWrapper)[pri:0, instance:com.abc.runner.TestngRunner@727803de]" name="runScenario" class="io.cucumber.testng.AbstractTestNGCucumberTests"/>
      </group> <!-- cucumber -->
    </groups>
    <test name="Default test" duration-ms="67421" started-at="2023-02-16T16:33:24 IST" finished-at="2023-02-16T16:34:31 IST">
      <class name="com.abc.runner.TestngRunner">
        <test-method status="PASS" signature="setUpClass(org.testng.ITestContext)[pri:0, instance:com.abc.runner.TestngRunner@727803de]" name="setUpClass" is-config="true" duration-ms="1351" started-at="2023-02-16T16:33:24 IST" finished-at="2023-02-16T16:33:25 IST">
          <params>
            <param index="0">
              <value>
                <![CDATA[org.testng.TestRunner@71b3bc45]]>
              </value>
            </param>
          </params>
          <reporter-output>
          </reporter-output>
        </test-method> <!-- setUpClass -->
        <test-method status="PASS" signature="runScenario(io.cucumber.testng.PickleWrapper,io.cucumber.testng.FeatureWrapper)[pri:0, instance:com.abc.runner.TestngRunner@727803de]" name="runScenario" duration-ms="50635" started-at="2023-02-16T16:33:25 IST" description="Runs Cucumber Scenarios" data-provider="scenarios" finished-at="2023-02-16T16:34:16 IST">
          <params>
            <param index="0">
              <value>
                <![CDATA["Login to Application Success"]]>
              </value>
            </param>
            <param index="1">
              <value>
                <![CDATA["Optional[Login]"]]>
              </value>
            </param>
          </params>
          <reporter-output>
          </reporter-output>
        </test-method> <!-- runScenario -->
        <test-method status="PASS" signature="runScenario(io.cucumber.testng.PickleWrapper,io.cucumber.testng.FeatureWrapper)[pri:0, instance:com.abc.runner.TestngRunner@727803de]" name="runScenario" duration-ms="56121" started-at="2023-02-16T16:33:25 IST" description="Runs Cucumber Scenarios" data-provider="scenarios" finished-at="2023-02-16T16:34:22 IST">
          <params>
            <param index="0">
              <value>
                <![CDATA["Login to Application Not Success"]]>
              </value>
            </param>
            <param index="1">
              <value>
                <![CDATA["Optional[Login]"]]>
              </value>
            </param>
          </params>
          <reporter-output>
          </reporter-output>
        </test-method> <!-- runScenario -->
        <test-method status="PASS" signature="reportSetup()[pri:0, instance:com.abc.runner.TestngRunner@727803de]" name="reportSetup" is-config="true" duration-ms="8407" started-at="2023-02-16T16:34:22 IST" finished-at="2023-02-16T16:34:30 IST">
          <reporter-output>
          </reporter-output>
        </test-method> <!-- reportSetup -->
        <test-method status="PASS" signature="tearDownClass()[pri:0, instance:com.abc.runner.TestngRunner@727803de]" name="tearDownClass" is-config="true" duration-ms="1356" started-at="2023-02-16T16:34:30 IST" finished-at="2023-02-16T16:34:31 IST">
          <reporter-output>
          </reporter-output>
        </test-method> <!-- tearDownClass -->
      </class> <!-- com.abc.runner.TestngRunner -->
    </test> <!-- Default test -->
  </suite> <!-- Default suite -->
</testng-results>
